#
# There is insufficient memory for the Java Runtime Environment to continue.
# Native memory allocation (malloc) failed to allocate 36096 bytes. Error detail: Chunk::new
# Possible reasons:
#   The system is out of physical RAM or swap space
#   This process is running with CompressedOops enabled, and the Java Heap may be blocking the growth of the native heap
# Possible solutions:
#   Reduce memory load on the system
#   Increase physical memory or swap space
#   Check if swap backing store is full
#   Decrease Java heap size (-Xmx/-Xms)
#   Decrease number of Java threads
#   Decrease Java thread stack sizes (-Xss)
#   Set larger code cache with -XX:ReservedCodeCacheSize=
#   JVM is running with Unscaled Compressed Oops mode in which the Java heap is
#     placed in the first 4GB address space. The Java Heap base address is the
#     maximum limit for the native heap growth. Please use -XX:HeapBaseMinAddress
#     to set the Java Heap base and to place the Java Heap above 4GB virtual address.
# This output file may be truncated or incomplete.
#
#  Out of Memory Error (arena.cpp:168), pid=28044, tid=4796
#
# JRE version: OpenJDK Runtime Environment Temurin-21.0.8+9 (21.0.8+9) (build 21.0.8+9-LTS)
# Java VM: OpenJDK 64-Bit Server VM Temurin-21.0.8+9 (21.0.8+9-LTS, mixed mode, sharing, tiered, compressed oops, compressed class ptrs, parallel gc, windows-amd64)
# No core dump will be written. Minidumps are not enabled by default on client versions of Windows
#

---------------  S U M M A R Y ------------

Command Line: --add-modules=ALL-SYSTEM --add-opens=java.base/java.util=ALL-UNNAMED --add-opens=java.base/java.lang=ALL-UNNAMED --add-opens=java.base/sun.nio.fs=ALL-UNNAMED -Declipse.application=org.eclipse.jdt.ls.core.id1 -Dosgi.bundles.defaultStartLevel=4 -Declipse.product=org.eclipse.jdt.ls.core.product -Djava.import.generatesMetadataFilesAtProjectRoot=false -DDetectVMInstallationsJob.disabled=true -Dfile.encoding=utf8 -XX:+UseParallelGC -XX:GCTimeRatio=4 -XX:AdaptiveSizePolicyWeight=90 -Dsun.zip.disableMemoryMapping=true -Xmx2G -Xms100m -Xlog:disable -javaagent:c:\Users\porwa\.trae\extensions\redhat.java-1.44.0-win32-x64\lombok\lombok-1.18.39-4050.jar -XX:+HeapDumpOnOutOfMemoryError -XX:HeapDumpPath=c:\Users\porwa\AppData\Roaming\Trae\User\workspaceStorage\09d4f20d014a27676dfc118cffeaea0a\redhat.java -Daether.dependencyCollector.impl=bf c:\Users\porwa\.trae\extensions\redhat.java-1.44.0-win32-x64\server\plugins\org.eclipse.equinox.launcher_1.7.0.v20250519-0528.jar -configuration c:\Users\porwa\AppData\Roaming\Trae\User\globalStorage\redhat.java\1.44.0\config_win -data c:\Users\porwa\AppData\Roaming\Trae\User\workspaceStorage\09d4f20d014a27676dfc118cffeaea0a\redhat.java\jdt_ws --pipe=\\.\pipe\lsp-35c46452bdfc851ac1a3a391871b7b96-sock

Host: 12th Gen Intel(R) Core(TM) i5-1235U, 12 cores, 15G,  Windows 11 , 64 bit Build 26100 (10.0.26100.4768)
Time: Sat Aug 23 13:18:19 2025 India Standard Time elapsed time: 13.303748 seconds (0d 0h 0m 13s)

---------------  T H R E A D  ---------------

Current thread (0x000001feca010610):  JavaThread "C2 CompilerThread0" daemon [_thread_in_native, id=4796, stack(0x000000ed3e000000,0x000000ed3e100000) (1024K)]


Current CompileTask:
C2:13303 2119       4       java.lang.invoke.MethodType::hashCode (53 bytes)

Stack: [0x000000ed3e000000,0x000000ed3e100000]
Native frames: (J=compiled Java code, j=interpreted, Vv=VM code, C=native code)
V  [jvm.dll+0x6d2449]
V  [jvm.dll+0x8ae341]
V  [jvm.dll+0x8b08be]
V  [jvm.dll+0x8b0fa3]
V  [jvm.dll+0x280c96]
V  [jvm.dll+0xc581d]
V  [jvm.dll+0xc5d53]
V  [jvm.dll+0x3b919c]
V  [jvm.dll+0x385315]
V  [jvm.dll+0x38477a]
V  [jvm.dll+0x248ed0]
V  [jvm.dll+0x2484af]
V  [jvm.dll+0x1c89ee]
V  [jvm.dll+0x257d4d]
V  [jvm.dll+0x2562ea]
V  [jvm.dll+0x3f2d16]
V  [jvm.dll+0x857e6b]
V  [jvm.dll+0x6d0b0d]
C  [ucrtbase.dll+0x37b0]
C  [KERNEL32.DLL+0x2e8d7]
C  [ntdll.dll+0x3c34c]


---------------  P R O C E S S  ---------------

Threads class SMR info:
_java_thread_list=0x000001fecab0d450, length=15, elements={
0x000001feec43ffe0, 0x000001feca000080, 0x000001feca005420, 0x000001feca007bc0,
0x000001feca008bc0, 0x000001feca009810, 0x000001feca00c270, 0x000001feca010610,
0x000001feca01c430, 0x000001feec4a9aa0, 0x000001feca372770, 0x000001fecac06cb0,
0x000001fecaf10810, 0x000001feca9fac00, 0x000001fecafa0c10
}

Java Threads: ( => current thread )
  0x000001feec43ffe0 JavaThread "main"                              [_thread_blocked, id=17912, stack(0x000000ed3d600000,0x000000ed3d700000) (1024K)]
  0x000001feca000080 JavaThread "Reference Handler"          daemon [_thread_blocked, id=24680, stack(0x000000ed3da00000,0x000000ed3db00000) (1024K)]
  0x000001feca005420 JavaThread "Finalizer"                  daemon [_thread_blocked, id=24464, stack(0x000000ed3db00000,0x000000ed3dc00000) (1024K)]
  0x000001feca007bc0 JavaThread "Signal Dispatcher"          daemon [_thread_blocked, id=20704, stack(0x000000ed3dc00000,0x000000ed3dd00000) (1024K)]
  0x000001feca008bc0 JavaThread "Attach Listener"            daemon [_thread_blocked, id=29296, stack(0x000000ed3dd00000,0x000000ed3de00000) (1024K)]
  0x000001feca009810 JavaThread "Service Thread"             daemon [_thread_blocked, id=24264, stack(0x000000ed3de00000,0x000000ed3df00000) (1024K)]
  0x000001feca00c270 JavaThread "Monitor Deflation Thread"   daemon [_thread_blocked, id=28092, stack(0x000000ed3df00000,0x000000ed3e000000) (1024K)]
=>0x000001feca010610 JavaThread "C2 CompilerThread0"         daemon [_thread_in_native, id=4796, stack(0x000000ed3e000000,0x000000ed3e100000) (1024K)]
  0x000001feca01c430 JavaThread "C1 CompilerThread0"         daemon [_thread_in_vm, id=19220, stack(0x000000ed3e100000,0x000000ed3e200000) (1024K)]
  0x000001feec4a9aa0 JavaThread "Common-Cleaner"             daemon [_thread_blocked, id=25040, stack(0x000000ed3e200000,0x000000ed3e300000) (1024K)]
  0x000001feca372770 JavaThread "Notification Thread"        daemon [_thread_blocked, id=8252, stack(0x000000ed3e400000,0x000000ed3e500000) (1024K)]
  0x000001fecac06cb0 JavaThread "Active Thread: Equinox Container: d03d84bf-cfc9-438e-8258-8f633672bbc5"        [_thread_blocked, id=24644, stack(0x000000ed3ec00000,0x000000ed3ed00000) (1024K)]
  0x000001fecaf10810 JavaThread "Refresh Thread: Equinox Container: d03d84bf-cfc9-438e-8258-8f633672bbc5" daemon [_thread_blocked, id=29636, stack(0x000000ed3e300000,0x000000ed3e400000) (1024K)]
  0x000001feca9fac00 JavaThread "Framework Event Dispatcher: Equinox Container: d03d84bf-cfc9-438e-8258-8f633672bbc5" daemon [_thread_in_vm, id=14320, stack(0x000000ed3ed00000,0x000000ed3ee00000) (1024K)]
  0x000001fecafa0c10 JavaThread "Start Level: Equinox Container: d03d84bf-cfc9-438e-8258-8f633672bbc5" daemon [_thread_in_vm, id=27260, stack(0x000000ed3ee00000,0x000000ed3ef00000) (1024K)]
Total: 15

Other Threads:
  0x000001feec4fe910 VMThread "VM Thread"                           [id=24776, stack(0x000000ed3d900000,0x000000ed3da00000) (1024K)]
  0x000001fefedbca00 WatcherThread "VM Periodic Task Thread"        [id=4124, stack(0x000000ed3d800000,0x000000ed3d900000) (1024K)]
  0x000001feec45d8a0 WorkerThread "GC Thread#0"                     [id=18692, stack(0x000000ed3d700000,0x000000ed3d800000) (1024K)]
  0x000001fecab5e690 WorkerThread "GC Thread#1"                     [id=2268, stack(0x000000ed3e600000,0x000000ed3e700000) (1024K)]
  0x000001feca625480 WorkerThread "GC Thread#2"                     [id=25068, stack(0x000000ed3e700000,0x000000ed3e800000) (1024K)]
  0x000001feca625820 WorkerThread "GC Thread#3"                     [id=22972, stack(0x000000ed3e800000,0x000000ed3e900000) (1024K)]
  0x000001feca625bc0 WorkerThread "GC Thread#4"                     [id=26704, stack(0x000000ed3e900000,0x000000ed3ea00000) (1024K)]
  0x000001feca6166d0 WorkerThread "GC Thread#5"                     [id=20900, stack(0x000000ed3ea00000,0x000000ed3eb00000) (1024K)]
  0x000001feca616a70 WorkerThread "GC Thread#6"                     [id=16124, stack(0x000000ed3eb00000,0x000000ed3ec00000) (1024K)]
  0x000001fecaf10e70 WorkerThread "GC Thread#7"                     [id=20184, stack(0x000000ed3e500000,0x000000ed3e600000) (1024K)]
Total: 10

Threads with active compile tasks:
C2 CompilerThread0  13333 2119       4       java.lang.invoke.MethodType::hashCode (53 bytes)
C1 CompilerThread0  13333 2169       3       sun.util.locale.LocaleObjectCache::get (126 bytes)
Total: 2

VM state: not at safepoint (normal execution)

VM Mutex/Monitor currently owned by a thread:  ([mutex/lock_event])
[0x00007fff29743458] Metaspace_lock - owner thread: 0x000001fecafa0c10

OutOfMemory and StackOverflow Exception counts:
OutOfMemoryError java_heap_errors=3
LinkageErrors=31

Heap address: 0x0000000080000000, size: 2048 MB, Compressed Oops mode: 32-bit

CDS archive(s) mapped at: [0x000001fe84000000-0x000001fe84ba0000-0x000001fe84ba0000), size 12189696, SharedBaseAddress: 0x000001fe84000000, ArchiveRelocationMode: 1.
Compressed class space mapped at: 0x000001fe85000000-0x000001fec5000000, reserved size: 1073741824
Narrow klass base: 0x000001fe84000000, Narrow klass shift: 0, Narrow klass range: 0x100000000

GC Precious Log:
 CardTable entry size: 512
 CPUs: 12 total, 12 available
 Memory: 16128M
 Large Page Support: Disabled
 NUMA Support: Disabled
 Compressed Oops: Enabled (32-bit)
 Alignments: Space 512K, Generation 512K, Heap 2M
 Heap Min Capacity: 100M
 Heap Initial Capacity: 100M
 Heap Max Capacity: 2G
 Pre-touch: Disabled
 Parallel Workers: 10

Heap:
 PSYoungGen      total 29696K, used 23898K [0x00000000d5580000, 0x00000000d7680000, 0x0000000100000000)
  eden space 25600K, 77% used [0x00000000d5580000,0x00000000d68ddd10,0x00000000d6e80000)
  from space 4096K, 99% used [0x00000000d7280000,0x00000000d7678b18,0x00000000d7680000)
  to   space 4096K, 0% used [0x00000000d6e80000,0x00000000d6e80000,0x00000000d7280000)
 ParOldGen       total 68608K, used 1633K [0x0000000080000000, 0x0000000084300000, 0x00000000d5580000)
  object space 68608K, 2% used [0x0000000080000000,0x0000000080198748,0x0000000084300000)
 Metaspace       used 9414K, committed 9664K, reserved 1114112K
  class space    used 1005K, committed 1152K, reserved 1048576K

Card table byte_map: [0x000001feebde0000,0x000001feec1f0000] _byte_map_base: 0x000001feeb9e0000

Marking Bits: (ParMarkBitMap*) 0x00007fff2974a340
 Begin Bits: [0x000001fe80000000, 0x000001fe82000000)
 End Bits:   [0x000001fe82000000, 0x000001fe84000000)

Polling page: 0x000001feea620000

Metaspace:

Usage:
  Non-class:      8.21 MB used.
      Class:   1005.29 KB used.
       Both:      9.19 MB used.

Virtual space:
  Non-class space:       64.00 MB reserved,       8.31 MB ( 13%) committed,  1 nodes.
      Class space:        1.00 GB reserved,       1.12 MB ( <1%) committed,  1 nodes.
             Both:        1.06 GB reserved,       9.44 MB ( <1%) committed. 

Chunk freelists:
   Non-Class:  6.87 MB
       Class:  14.78 MB
        Both:  21.65 MB

MaxMetaspaceSize: unlimited
CompressedClassSpaceSize: 1.00 GB
Initial GC threshold: 21.00 MB
Current GC threshold: 21.00 MB
CDS: on
 - commit_granule_bytes: 65536.
 - commit_granule_words: 8192.
 - virtual_space_node_default_size: 8388608.
 - enlarge_chunks_in_place: 1.
 - use_allocation_guard: 0.


Internal statistics:

num_allocs_failed_limit: 0.
num_arena_births: 264.
num_arena_deaths: 0.
num_vsnodes_births: 2.
num_vsnodes_deaths: 0.
num_space_committed: 151.
num_space_uncommitted: 0.
num_chunks_returned_to_freelist: 0.
num_chunks_taken_from_freelist: 513.
num_chunk_merges: 0.
num_chunk_splits: 323.
num_chunks_enlarged: 213.
num_inconsistent_stats: 0.

CodeHeap 'non-profiled nmethods': size=120000Kb used=930Kb max_used=930Kb free=119069Kb
 bounds [0x000001fef7100000, 0x000001fef7370000, 0x000001fefe630000]
CodeHeap 'profiled nmethods': size=120000Kb used=3890Kb max_used=3890Kb free=116109Kb
 bounds [0x000001feef630000, 0x000001feefa00000, 0x000001fef6b60000]
CodeHeap 'non-nmethods': size=5760Kb used=1228Kb max_used=1255Kb free=4531Kb
 bounds [0x000001fef6b60000, 0x000001fef6dd0000, 0x000001fef7100000]
CodeCache: size=245760Kb, used=6048Kb, max_used=6075Kb, free=239709Kb
 total_blobs=2660, nmethods=2162, adapters=405, full_count=0
Compilation: enabled, stopped_count=0, restarted_count=0

Compilation events (20 events):
Event: 13.289 Thread 0x000001feca01c430 2107       3       java.util.HashMap::newHashMap (44 bytes)
Event: 13.289 Thread 0x000001feca01c430 nmethod 2107 0x000001feef9d7090 code [0x000001feef9d7320, 0x000001feef9d7b08]
Event: 13.289 Thread 0x000001feca01c430 2110       3       java.lang.invoke.MethodHandleImpl::computeValueConversions (121 bytes)
Event: 13.290 Thread 0x000001feca01c430 nmethod 2110 0x000001feef9d7e90 code [0x000001feef9d80a0, 0x000001feef9d8838]
Event: 13.290 Thread 0x000001feca01c430 2109       3       java.lang.invoke.MethodHandleImpl::makePairwiseConvertByEditor (617 bytes)
Event: 13.292 Thread 0x000001feca010610 2115       4       java.util.AbstractSet::<init> (5 bytes)
Event: 13.292 Thread 0x000001feca010610 nmethod 2115 0x000001fef71e6610 code [0x000001fef71e67a0, 0x000001fef71e6828]
Event: 13.295 Thread 0x000001feca01c430 nmethod 2109 0x000001feef9d8c10 code [0x000001feef9d9400, 0x000001feef9de2f8]
Event: 13.295 Thread 0x000001feca01c430 2117       3       sun.security.provider.ByteArrayAccess::i2bBig (33 bytes)
Event: 13.296 Thread 0x000001feca01c430 nmethod 2117 0x000001feef9e0210 code [0x000001feef9e0420, 0x000001feef9e0b20]
Event: 13.298 Thread 0x000001feca01c430 2111       3       java.lang.invoke.MethodHandleImpl::countNonNull (42 bytes)
Event: 13.299 Thread 0x000001feca01c430 nmethod 2111 0x000001feef9e0e90 code [0x000001feef9e1040, 0x000001feef9e1278]
Event: 13.299 Thread 0x000001feca01c430 2112       3       java.lang.invoke.MethodType::isConvertibleTo (164 bytes)
Event: 13.300 Thread 0x000001feca010610 2119       4       java.lang.invoke.MethodType::hashCode (53 bytes)
Event: 13.300 Thread 0x000001feca01c430 nmethod 2112 0x000001feef9e1390 code [0x000001feef9e15e0, 0x000001feef9e1eb8]
Event: 13.300 Thread 0x000001feca01c430 2108       3       java.lang.invoke.MethodType::methodType (44 bytes)
Event: 13.300 Thread 0x000001feca01c430 nmethod 2108 0x000001feef9e2190 code [0x000001feef9e2380, 0x000001feef9e27f0]
Event: 13.300 Thread 0x000001feca01c430 2114       3       java.lang.ref.WeakReference::<init> (6 bytes)
Event: 13.301 Thread 0x000001feca01c430 nmethod 2114 0x000001feef9e2910 code [0x000001feef9e2ac0, 0x000001feef9e2d50]
Event: 13.301 Thread 0x000001feca01c430 2116       3       sun.security.provider.SHA2::implDigest (98 bytes)

GC Heap History (4 events):
Event: 0.904 GC heap before
{Heap before GC invocations=1 (full 0):
 PSYoungGen      total 29696K, used 25600K [0x00000000d5580000, 0x00000000d7680000, 0x0000000100000000)
  eden space 25600K, 100% used [0x00000000d5580000,0x00000000d6e80000,0x00000000d6e80000)
  from space 4096K, 0% used [0x00000000d7280000,0x00000000d7280000,0x00000000d7680000)
  to   space 4096K, 0% used [0x00000000d6e80000,0x00000000d6e80000,0x00000000d7280000)
 ParOldGen       total 68608K, used 0K [0x0000000080000000, 0x0000000084300000, 0x00000000d5580000)
  object space 68608K, 0% used [0x0000000080000000,0x0000000080000000,0x0000000084300000)
 Metaspace       used 4300K, committed 4544K, reserved 1114112K
  class space    used 470K, committed 576K, reserved 1048576K
}
Event: 0.911 GC heap after
{Heap after GC invocations=1 (full 0):
 PSYoungGen      total 29696K, used 3311K [0x00000000d5580000, 0x00000000d7680000, 0x0000000100000000)
  eden space 25600K, 0% used [0x00000000d5580000,0x00000000d5580000,0x00000000d6e80000)
  from space 4096K, 80% used [0x00000000d6e80000,0x00000000d71bbe68,0x00000000d7280000)
  to   space 4096K, 0% used [0x00000000d7280000,0x00000000d7280000,0x00000000d7680000)
 ParOldGen       total 68608K, used 16K [0x0000000080000000, 0x0000000084300000, 0x00000000d5580000)
  object space 68608K, 0% used [0x0000000080000000,0x0000000080004000,0x0000000084300000)
 Metaspace       used 4300K, committed 4544K, reserved 1114112K
  class space    used 470K, committed 576K, reserved 1048576K
}
Event: 9.152 GC heap before
{Heap before GC invocations=2 (full 0):
 PSYoungGen      total 29696K, used 28893K [0x00000000d5580000, 0x00000000d7680000, 0x0000000100000000)
  eden space 25600K, 99% used [0x00000000d5580000,0x00000000d6e7b918,0x00000000d6e80000)
  from space 4096K, 80% used [0x00000000d6e80000,0x00000000d71bbe68,0x00000000d7280000)
  to   space 4096K, 0% used [0x00000000d7280000,0x00000000d7280000,0x00000000d7680000)
 ParOldGen       total 68608K, used 16K [0x0000000080000000, 0x0000000084300000, 0x00000000d5580000)
  object space 68608K, 0% used [0x0000000080000000,0x0000000080004000,0x0000000084300000)
 Metaspace       used 8015K, committed 8256K, reserved 1114112K
  class space    used 843K, committed 960K, reserved 1048576K
}
Event: 9.161 GC heap after
{Heap after GC invocations=2 (full 0):
 PSYoungGen      total 29696K, used 4066K [0x00000000d5580000, 0x00000000d7680000, 0x0000000100000000)
  eden space 25600K, 0% used [0x00000000d5580000,0x00000000d5580000,0x00000000d6e80000)
  from space 4096K, 99% used [0x00000000d7280000,0x00000000d7678b18,0x00000000d7680000)
  to   space 4096K, 0% used [0x00000000d6e80000,0x00000000d6e80000,0x00000000d7280000)
 ParOldGen       total 68608K, used 1633K [0x0000000080000000, 0x0000000084300000, 0x00000000d5580000)
  object space 68608K, 2% used [0x0000000080000000,0x0000000080198748,0x0000000084300000)
 Metaspace       used 8015K, committed 8256K, reserved 1114112K
  class space    used 843K, committed 960K, reserved 1048576K
}

Dll operation events (9 events):
Event: 0.014 Loaded shared library c:\Users\porwa\.trae\extensions\redhat.java-1.44.0-win32-x64\jre\21.0.8-win32-x86_64\bin\java.dll
Event: 0.103 Loaded shared library c:\Users\porwa\.trae\extensions\redhat.java-1.44.0-win32-x64\jre\21.0.8-win32-x86_64\bin\zip.dll
Event: 0.131 Loaded shared library C:\Users\porwa\.trae\extensions\redhat.java-1.44.0-win32-x64\jre\21.0.8-win32-x86_64\bin\instrument.dll
Event: 0.138 Loaded shared library C:\Users\porwa\.trae\extensions\redhat.java-1.44.0-win32-x64\jre\21.0.8-win32-x86_64\bin\net.dll
Event: 0.141 Loaded shared library C:\Users\porwa\.trae\extensions\redhat.java-1.44.0-win32-x64\jre\21.0.8-win32-x86_64\bin\nio.dll
Event: 0.145 Loaded shared library C:\Users\porwa\.trae\extensions\redhat.java-1.44.0-win32-x64\jre\21.0.8-win32-x86_64\bin\zip.dll
Event: 0.168 Loaded shared library C:\Users\porwa\.trae\extensions\redhat.java-1.44.0-win32-x64\jre\21.0.8-win32-x86_64\bin\jimage.dll
Event: 0.267 Loaded shared library c:\Users\porwa\.trae\extensions\redhat.java-1.44.0-win32-x64\jre\21.0.8-win32-x86_64\bin\verify.dll
Event: 9.246 Loaded shared library C:\Users\porwa\AppData\Roaming\Trae\User\globalStorage\redhat.java\1.44.0\config_win\org.eclipse.equinox.launcher\org.eclipse.equinox.launcher.win32.win32.x86_64_1.2.1400.v20250730-1736\eclipse_11913.dll

Deoptimization events (20 events):
Event: 13.292 Thread 0x000001fecafa0c10 Uncommon trap: trap_request=0xffffff45 fr.pc=0x000001fef71d2164 relative=0x00000000000006a4
Event: 13.292 Thread 0x000001fecafa0c10 Uncommon trap: reason=unstable_if action=reinterpret pc=0x000001fef71d2164 method=java.util.regex.Matcher.search(I)Z @ 30 c2
Event: 13.292 Thread 0x000001fecafa0c10 DEOPT PACKING pc=0x000001fef71d2164 sp=0x000000ed3eefe5d0
Event: 13.292 Thread 0x000001fecafa0c10 DEOPT UNPACKING pc=0x000001fef6bb3aa2 sp=0x000000ed3eefe5a0 mode 2
Event: 13.292 Thread 0x000001fecafa0c10 Uncommon trap: trap_request=0xffffffde fr.pc=0x000001fef71d09e4 relative=0x0000000000000304
Event: 13.292 Thread 0x000001fecafa0c10 Uncommon trap: reason=class_check action=maybe_recompile pc=0x000001fef71d09e4 method=java.util.regex.Pattern$BmpCharPropertyGreedy.match(Ljava/util/regex/Matcher;ILjava/lang/CharSequence;)Z @ 26 c2
Event: 13.292 Thread 0x000001fecafa0c10 DEOPT PACKING pc=0x000001fef71d09e4 sp=0x000000ed3eefe2a0
Event: 13.292 Thread 0x000001fecafa0c10 DEOPT UNPACKING pc=0x000001fef6bb3aa2 sp=0x000000ed3eefe258 mode 2
Event: 13.292 Thread 0x000001fecafa0c10 Uncommon trap: trap_request=0xffffffde fr.pc=0x000001fef71d09e4 relative=0x0000000000000304
Event: 13.292 Thread 0x000001fecafa0c10 Uncommon trap: reason=class_check action=maybe_recompile pc=0x000001fef71d09e4 method=java.util.regex.Pattern$BmpCharPropertyGreedy.match(Ljava/util/regex/Matcher;ILjava/lang/CharSequence;)Z @ 26 c2
Event: 13.292 Thread 0x000001fecafa0c10 DEOPT PACKING pc=0x000001fef71d09e4 sp=0x000000ed3eefe1a0
Event: 13.292 Thread 0x000001fecafa0c10 DEOPT UNPACKING pc=0x000001fef6bb3aa2 sp=0x000000ed3eefe138 mode 2
Event: 13.292 Thread 0x000001fecafa0c10 Uncommon trap: trap_request=0xffffffde fr.pc=0x000001fef71d09e4 relative=0x0000000000000304
Event: 13.292 Thread 0x000001fecafa0c10 Uncommon trap: reason=class_check action=maybe_recompile pc=0x000001fef71d09e4 method=java.util.regex.Pattern$BmpCharPropertyGreedy.match(Ljava/util/regex/Matcher;ILjava/lang/CharSequence;)Z @ 26 c2
Event: 13.292 Thread 0x000001fecafa0c10 DEOPT PACKING pc=0x000001fef71d09e4 sp=0x000000ed3eefe2a0
Event: 13.292 Thread 0x000001fecafa0c10 DEOPT UNPACKING pc=0x000001fef6bb3aa2 sp=0x000000ed3eefe258 mode 2
Event: 13.292 Thread 0x000001fecafa0c10 Uncommon trap: trap_request=0xffffffde fr.pc=0x000001fef71d09e4 relative=0x0000000000000304
Event: 13.292 Thread 0x000001fecafa0c10 Uncommon trap: reason=class_check action=maybe_recompile pc=0x000001fef71d09e4 method=java.util.regex.Pattern$BmpCharPropertyGreedy.match(Ljava/util/regex/Matcher;ILjava/lang/CharSequence;)Z @ 26 c2
Event: 13.292 Thread 0x000001fecafa0c10 DEOPT PACKING pc=0x000001fef71d09e4 sp=0x000000ed3eefe1a0
Event: 13.292 Thread 0x000001fecafa0c10 DEOPT UNPACKING pc=0x000001fef6bb3aa2 sp=0x000000ed3eefe138 mode 2

Classes loaded (20 events):
Event: 9.444 Loading class java/util/Formatter$FixedString
Event: 9.444 Loading class java/util/Formatter$FixedString done
Event: 9.445 Loading class java/time/ZonedDateTime$1
Event: 9.445 Loading class java/time/ZonedDateTime$1 done
Event: 9.455 Loading class jdk/internal/module/ModulePatcher$PatchedModuleReader
Event: 9.456 Loading class jdk/internal/module/ModulePatcher$PatchedModuleReader done
Event: 9.472 Loading class sun/text/resources/cldr/FormatData_en
Event: 9.473 Loading class sun/text/resources/cldr/FormatData_en done
Event: 9.473 Loading class sun/text/resources/cldr/FormatData_en_US
Event: 9.473 Loading class sun/text/resources/cldr/FormatData_en_US done
Event: 9.486 Loading class java/io/InterruptedIOException
Event: 9.486 Loading class java/io/InterruptedIOException done
Event: 13.249 Loading class java/util/zip/DataFormatException
Event: 13.249 Loading class java/util/zip/DataFormatException done
Event: 13.262 Loading class java/lang/invoke/DirectMethodHandle$StaticAccessor
Event: 13.262 Loading class java/lang/invoke/DirectMethodHandle$StaticAccessor done
Event: 13.292 Loading class java/lang/StackTraceElement$HashedModules
Event: 13.292 Loading class java/lang/StackTraceElement$HashedModules done
Event: 13.296 Loading class sun/nio/cs/UTF_8$Encoder
Event: 13.299 Loading class sun/nio/cs/UTF_8$Encoder done

Classes unloaded (0 events):
No events

Classes redefined (0 events):
No events

Internal exceptions (20 events):
Event: 0.964 Thread 0x000001feec43ffe0 Implicit null exception at 0x000001fef715ee9a to 0x000001fef715f0a4
Event: 0.964 Thread 0x000001feec43ffe0 Exception <a 'java/lang/NoSuchMethodError'{0x00000000d57b53c0}: 'void java.lang.invoke.DirectMethodHandle$Holder.invokeStatic(java.lang.Object, java.lang.Object, java.lang.Object, java.lang.Object)'> (0x00000000d57b53c0) 
thrown [s\src\hotspot\share\interpreter\linkResolver.cpp, line 773]
Event: 0.966 Thread 0x000001feec43ffe0 Implicit null exception at 0x000001fef715fc9a to 0x000001fef715fea4
Event: 0.966 Thread 0x000001feec43ffe0 Implicit null exception at 0x000001fef715cdbd to 0x000001fef715ce41
Event: 1.067 Thread 0x000001feec43ffe0 Exception <a 'java/lang/NoSuchMethodError'{0x00000000d5a43f48}: 'void java.lang.invoke.DirectMethodHandle$Holder.invokeSpecial(java.lang.Object, java.lang.Object, java.lang.Object)'> (0x00000000d5a43f48) 
thrown [s\src\hotspot\share\interpreter\linkResolver.cpp, line 773]
Event: 1.324 Thread 0x000001feec43ffe0 Exception <a 'java/lang/NoSuchMethodError'{0x00000000d63d5ea8}: 'int java.lang.invoke.DirectMethodHandle$Holder.invokeVirtual(java.lang.Object, java.lang.Object)'> (0x00000000d63d5ea8) 
thrown [s\src\hotspot\share\interpreter\linkResolver.cpp, line 773]
Event: 1.389 Thread 0x000001feec43ffe0 Exception <a 'java/lang/NoSuchMethodError'{0x00000000d654b048}: 'int java.lang.invoke.DirectMethodHandle$Holder.invokeStaticInit(java.lang.Object, java.lang.Object, java.lang.Object, java.lang.Object)'> (0x00000000d654b048) 
thrown [s\src\hotspot\share\interpreter\linkResolver.cpp, line 773]
Event: 1.391 Thread 0x000001feec43ffe0 Exception <a 'java/lang/IncompatibleClassChangeError'{0x00000000d65534d0}: Found class java.lang.Object, but interface was expected> (0x00000000d65534d0) 
thrown [s\src\hotspot\share\interpreter\linkResolver.cpp, line 840]
Event: 1.391 Thread 0x000001feec43ffe0 Exception <a 'java/lang/NoSuchMethodError'{0x00000000d6559ac0}: 'void java.lang.invoke.DirectMethodHandle$Holder.invokeStaticInit(java.lang.Object, java.lang.Object)'> (0x00000000d6559ac0) 
thrown [s\src\hotspot\share\interpreter\linkResolver.cpp, line 773]
Event: 1.393 Thread 0x000001feec43ffe0 Exception <a 'java/lang/NoSuchMethodError'{0x00000000d6562cd8}: 'int java.lang.invoke.DirectMethodHandle$Holder.invokeStaticInit(java.lang.Object, java.lang.Object)'> (0x00000000d6562cd8) 
thrown [s\src\hotspot\share\interpreter\linkResolver.cpp, line 773]
Event: 1.449 Thread 0x000001feec43ffe0 Exception <a 'java/lang/NoSuchMethodError'{0x00000000d67ab3a8}: 'java.lang.Object java.lang.invoke.DirectMethodHandle$Holder.newInvokeSpecial(java.lang.Object, int, java.lang.Object)'> (0x00000000d67ab3a8) 
thrown [s\src\hotspot\share\interpreter\linkResolver.cpp, line 773]
Event: 1.495 Thread 0x000001feec43ffe0 Exception <a 'java/lang/ClassNotFoundException'{0x00000000d69b84f0}: sun/net/www/protocol/plurl/Handler> (0x00000000d69b84f0) 
thrown [s\src\hotspot\share\classfile\systemDictionary.cpp, line 312]
Event: 9.151 Thread 0x000001feec43ffe0 Exception <a 'java/lang/UnsatisfiedLinkError'{0x00000000d6e44a20}: 'void org.eclipse.equinox.launcher.JNIBridge._update_splash()'> (0x00000000d6e44a20) 
thrown [s\src\hotspot\share\prims\nativeLookup.cpp, line 415]
Event: 9.352 Thread 0x000001fecafa0c10 Exception <a 'java/lang/NoSuchMethodError'{0x00000000d5b6f230}: 'java.lang.Object java.lang.invoke.DirectMethodHandle$Holder.newInvokeSpecial(java.lang.Object, java.lang.Object, int, java.lang.Object)'> (0x00000000d5b6f230) 
thrown [s\src\hotspot\share\interpreter\linkResolver.cpp, line 773]
Event: 9.353 Thread 0x000001fecafa0c10 Exception <a 'java/lang/NoSuchMethodError'{0x00000000d5b730a0}: 'java.lang.Object java.lang.invoke.DirectMethodHandle$Holder.invokeSpecial(java.lang.Object, java.lang.Object, java.lang.Object, int, java.lang.Object)'> (0x00000000d5b730a0) 
thrown [s\src\hotspot\share\interpreter\linkResolver.cpp, line 773]
Event: 9.374 Thread 0x000001fecafa0c10 Exception <a 'java/lang/NoClassDefFoundError'{0x00000000d5c13188}: jakarta/servlet/ServletContainerInitializer> (0x00000000d5c13188) 
thrown [s\src\hotspot\share\classfile\systemDictionary.cpp, line 301]
Event: 9.432 Thread 0x000001fecafa0c10 Exception <a 'java/lang/ClassNotFoundException'{0x00000000d5d68288}: sun/util/logging/resources/spi/loggingProvider> (0x00000000d5d68288) 
thrown [s\src\hotspot\share\classfile\systemDictionary.cpp, line 312]
Event: 9.486 Thread 0x000001fecafa0c10 Exception <a 'java/io/IOException'{0x00000000d5f09c98}> (0x00000000d5f09c98) 
thrown [s\src\hotspot\share\prims\jni.cpp, line 520]
Event: 13.249 Thread 0x000001fecafa0c10 Exception <a 'java/lang/OutOfMemoryError'{0x00000000d6739160}> (0x00000000d6739160) 
thrown [s\src\hotspot\share\prims\jni.cpp, line 539]
Event: 13.265 Thread 0x000001fecafa0c10 Exception <a 'java/lang/NoSuchMethodError'{0x00000000d6790510}: 'void java.lang.invoke.Invokers$Holder.invokeExact_MT(java.lang.Object, java.lang.Object, java.lang.Object)'> (0x00000000d6790510) 
thrown [s\src\hotspot\share\interpreter\linkResolver.cpp, line 773]

ZGC Phase Switch (0 events):
No events

VM Operations (20 events):
Event: 1.478 Executing VM operation: HandshakeAllThreads (Deoptimize)
Event: 1.478 Executing VM operation: HandshakeAllThreads (Deoptimize) done
Event: 1.490 Executing VM operation: HandshakeAllThreads (Deoptimize)
Event: 1.491 Executing VM operation: HandshakeAllThreads (Deoptimize) done
Event: 1.570 Executing VM operation: ICBufferFull
Event: 1.570 Executing VM operation: ICBufferFull done
Event: 2.580 Executing VM operation: Cleanup
Event: 2.580 Executing VM operation: Cleanup done
Event: 9.152 Executing VM operation: ParallelGCFailedAllocation (Allocation Failure)
Event: 9.161 Executing VM operation: ParallelGCFailedAllocation (Allocation Failure) done
Event: 9.415 Executing VM operation: HandshakeAllThreads (Deoptimize)
Event: 9.415 Executing VM operation: HandshakeAllThreads (Deoptimize) done
Event: 9.456 Executing VM operation: HandshakeAllThreads (Deoptimize)
Event: 9.456 Executing VM operation: HandshakeAllThreads (Deoptimize) done
Event: 9.482 Executing VM operation: HandshakeAllThreads (Deoptimize)
Event: 9.482 Executing VM operation: HandshakeAllThreads (Deoptimize) done
Event: 9.498 Executing VM operation: HandshakeAllThreads (Deoptimize)
Event: 9.498 Executing VM operation: HandshakeAllThreads (Deoptimize) done
Event: 10.498 Executing VM operation: Cleanup
Event: 10.499 Executing VM operation: Cleanup done

Memory protections (0 events):
No events

Nmethod flushes (0 events):
No events

Events (20 events):
Event: 0.053 Thread 0x000001feec43ffe0 Thread added: 0x000001feca007bc0
Event: 0.053 Thread 0x000001feec43ffe0 Thread added: 0x000001feca008bc0
Event: 0.053 Thread 0x000001feec43ffe0 Thread added: 0x000001feca009810
Event: 0.053 Thread 0x000001feec43ffe0 Thread added: 0x000001feca00c270
Event: 0.053 Thread 0x000001feec43ffe0 Thread added: 0x000001feca010610
Event: 0.053 Thread 0x000001feec43ffe0 Thread added: 0x000001feca01c430
Event: 0.085 Thread 0x000001feec43ffe0 Thread added: 0x000001feec4a9aa0
Event: 0.261 Thread 0x000001feca01c430 Thread added: 0x000001feca271da0
Event: 0.386 Thread 0x000001feec43ffe0 Thread added: 0x000001feca372770
Event: 0.520 Thread 0x000001feca01c430 Thread added: 0x000001feca4b8480
Event: 1.407 Thread 0x000001feec43ffe0 Thread added: 0x000001fecac06cb0
Event: 1.723 Thread 0x000001feca4b8480 Thread exited: 0x000001feca4b8480
Event: 1.723 Thread 0x000001feca271da0 Thread exited: 0x000001feca271da0
Event: 9.148 Thread 0x000001feec43ffe0 Thread added: 0x000001fecaf10810
Event: 9.204 Thread 0x000001fecaf10810 Thread added: 0x000001feca9fac00
Event: 9.251 Thread 0x000001feec43ffe0 Thread added: 0x000001fecafa0c10
Event: 9.508 Thread 0x000001feca010610 Thread added: 0x000001fecb110b00
Event: 9.512 Thread 0x000001fecb110b00 Thread added: 0x000001fecb10d480
Event: 10.191 Thread 0x000001fecb10d480 Thread exited: 0x000001fecb10d480
Event: 10.191 Thread 0x000001fecb110b00 Thread exited: 0x000001fecb110b00


Dynamic libraries:
0x00007ff7cdba0000 - 0x00007ff7cdbae000 	c:\Users\porwa\.trae\extensions\redhat.java-1.44.0-win32-x64\jre\21.0.8-win32-x86_64\bin\java.exe
0x00007ff805240000 - 0x00007ff8054a7000 	C:\WINDOWS\SYSTEM32\ntdll.dll
0x00007ff803ee0000 - 0x00007ff803fa9000 	C:\WINDOWS\System32\KERNEL32.DLL
0x00007ff802950000 - 0x00007ff802d40000 	C:\WINDOWS\System32\KERNELBASE.dll
0x00007ff802370000 - 0x00007ff8024bb000 	C:\WINDOWS\System32\ucrtbase.dll
0x00007fff9d910000 - 0x00007fff9d928000 	c:\Users\porwa\.trae\extensions\redhat.java-1.44.0-win32-x64\jre\21.0.8-win32-x86_64\bin\jli.dll
0x00007ff804be0000 - 0x00007ff804da5000 	C:\WINDOWS\System32\USER32.dll
0x00007fffbf980000 - 0x00007fffbf99e000 	c:\Users\porwa\.trae\extensions\redhat.java-1.44.0-win32-x64\jre\21.0.8-win32-x86_64\bin\VCRUNTIME140.dll
0x00007ff802700000 - 0x00007ff802727000 	C:\WINDOWS\System32\win32u.dll
0x00007ff8040f0000 - 0x00007ff80411b000 	C:\WINDOWS\System32\GDI32.dll
0x00007ff802e90000 - 0x00007ff802fc8000 	C:\WINDOWS\System32\gdi32full.dll
0x00007ff802d50000 - 0x00007ff802df3000 	C:\WINDOWS\System32\msvcp_win.dll
0x00007fffe96e0000 - 0x00007fffe997a000 	C:\WINDOWS\WinSxS\amd64_microsoft.windows.common-controls_6595b64144ccf1df_6.0.26100.4768_none_3e0c112ce331287c\COMCTL32.dll
0x00007ff805150000 - 0x00007ff8051f9000 	C:\WINDOWS\System32\msvcrt.dll
0x00007ff804870000 - 0x00007ff80489f000 	C:\WINDOWS\System32\IMM32.DLL
0x00007fffc1db0000 - 0x00007fffc1dbc000 	c:\Users\porwa\.trae\extensions\redhat.java-1.44.0-win32-x64\jre\21.0.8-win32-x86_64\bin\vcruntime140_1.dll
0x00007fff9a210000 - 0x00007fff9a29d000 	c:\Users\porwa\.trae\extensions\redhat.java-1.44.0-win32-x64\jre\21.0.8-win32-x86_64\bin\msvcp140.dll
0x00007fff28a90000 - 0x00007fff29827000 	c:\Users\porwa\.trae\extensions\redhat.java-1.44.0-win32-x64\jre\21.0.8-win32-x86_64\bin\server\jvm.dll
0x00007ff8035e0000 - 0x00007ff803694000 	C:\WINDOWS\System32\ADVAPI32.dll
0x00007ff803820000 - 0x00007ff8038c6000 	C:\WINDOWS\System32\sechost.dll
0x00007ff8036a0000 - 0x00007ff8037b8000 	C:\WINDOWS\System32\RPCRT4.dll
0x00007ff803c70000 - 0x00007ff803ce4000 	C:\WINDOWS\System32\WS2_32.dll
0x00007ff8021f0000 - 0x00007ff80224e000 	C:\WINDOWS\SYSTEM32\POWRPROF.dll
0x00007ffff66a0000 - 0x00007ffff66d5000 	C:\WINDOWS\SYSTEM32\WINMM.dll
0x00007fffe74e0000 - 0x00007fffe74eb000 	C:\WINDOWS\SYSTEM32\VERSION.dll
0x00007ff8021d0000 - 0x00007ff8021e4000 	C:\WINDOWS\SYSTEM32\UMPDC.dll
0x00007ff8010c0000 - 0x00007ff8010db000 	C:\WINDOWS\SYSTEM32\kernel.appcore.dll
0x00007fffc1ce0000 - 0x00007fffc1cea000 	c:\Users\porwa\.trae\extensions\redhat.java-1.44.0-win32-x64\jre\21.0.8-win32-x86_64\bin\jimage.dll
0x00007ff800380000 - 0x00007ff8005c1000 	C:\WINDOWS\SYSTEM32\DBGHELP.DLL
0x00007ff8038d0000 - 0x00007ff803c55000 	C:\WINDOWS\System32\combase.dll
0x00007ff805060000 - 0x00007ff805140000 	C:\WINDOWS\System32\OLEAUT32.dll
0x00007fffe4e30000 - 0x00007fffe4e73000 	C:\WINDOWS\SYSTEM32\dbgcore.DLL
0x00007ff802730000 - 0x00007ff8027c9000 	C:\WINDOWS\System32\bcryptPrimitives.dll
0x00007fffbf970000 - 0x00007fffbf97f000 	c:\Users\porwa\.trae\extensions\redhat.java-1.44.0-win32-x64\jre\21.0.8-win32-x86_64\bin\instrument.dll
0x00007fff9d4e0000 - 0x00007fff9d4ff000 	c:\Users\porwa\.trae\extensions\redhat.java-1.44.0-win32-x64\jre\21.0.8-win32-x86_64\bin\java.dll
0x00007ff804120000 - 0x00007ff80486d000 	C:\WINDOWS\System32\SHELL32.dll
0x00007ff8024c0000 - 0x00007ff802633000 	C:\WINDOWS\System32\wintypes.dll
0x00007fffff780000 - 0x00007ffffffe0000 	C:\WINDOWS\SYSTEM32\windows.storage.dll
0x00007ff8048b0000 - 0x00007ff8049a5000 	C:\WINDOWS\System32\SHCORE.dll
0x00007ff804b60000 - 0x00007ff804bca000 	C:\WINDOWS\System32\shlwapi.dll
0x00007ff802290000 - 0x00007ff8022b9000 	C:\WINDOWS\SYSTEM32\profapi.dll
0x00007fff9d8f0000 - 0x00007fff9d908000 	c:\Users\porwa\.trae\extensions\redhat.java-1.44.0-win32-x64\jre\21.0.8-win32-x86_64\bin\zip.dll
0x00007fffa3aa0000 - 0x00007fffa3ab0000 	C:\Users\porwa\.trae\extensions\redhat.java-1.44.0-win32-x64\jre\21.0.8-win32-x86_64\bin\net.dll
0x00007ffff0d00000 - 0x00007ffff0e1e000 	C:\WINDOWS\SYSTEM32\WINHTTP.dll
0x00007ff801660000 - 0x00007ff8016cb000 	C:\WINDOWS\system32\mswsock.dll
0x00007fff9d8d0000 - 0x00007fff9d8e6000 	C:\Users\porwa\.trae\extensions\redhat.java-1.44.0-win32-x64\jre\21.0.8-win32-x86_64\bin\nio.dll
0x00007fffa3500000 - 0x00007fffa3510000 	c:\Users\porwa\.trae\extensions\redhat.java-1.44.0-win32-x64\jre\21.0.8-win32-x86_64\bin\verify.dll
0x00007fff9d7b0000 - 0x00007fff9d7f5000 	C:\Users\porwa\AppData\Roaming\Trae\User\globalStorage\redhat.java\1.44.0\config_win\org.eclipse.equinox.launcher\org.eclipse.equinox.launcher.win32.win32.x86_64_1.2.1400.v20250730-1736\eclipse_11913.dll
0x00007ff804e40000 - 0x00007ff804fe0000 	C:\WINDOWS\System32\ole32.dll

JVMTI agents:
c:\Users\porwa\.trae\extensions\redhat.java-1.44.0-win32-x64\lombok\lombok-1.18.39-4050.jar path:c:\Users\porwa\.trae\extensions\redhat.java-1.44.0-win32-x64\jre\21.0.8-win32-x86_64\bin\instrument.dll, loaded, initialized, instrumentlib options:none

dbghelp: loaded successfully - version: 4.0.5 - missing functions: none
symbol engine: initialized successfully - sym options: 0x614 - pdb path: .;c:\Users\porwa\.trae\extensions\redhat.java-1.44.0-win32-x64\jre\21.0.8-win32-x86_64\bin;C:\WINDOWS\SYSTEM32;C:\WINDOWS\WinSxS\amd64_microsoft.windows.common-controls_6595b64144ccf1df_6.0.26100.4768_none_3e0c112ce331287c;c:\Users\porwa\.trae\extensions\redhat.java-1.44.0-win32-x64\jre\21.0.8-win32-x86_64\bin\server;C:\Users\porwa\AppData\Roaming\Trae\User\globalStorage\redhat.java\1.44.0\config_win\org.eclipse.equinox.launcher\org.eclipse.equinox.launcher.win32.win32.x86_64_1.2.1400.v20250730-1736

VM Arguments:
jvm_args: --add-modules=ALL-SYSTEM --add-opens=java.base/java.util=ALL-UNNAMED --add-opens=java.base/java.lang=ALL-UNNAMED --add-opens=java.base/sun.nio.fs=ALL-UNNAMED -Declipse.application=org.eclipse.jdt.ls.core.id1 -Dosgi.bundles.defaultStartLevel=4 -Declipse.product=org.eclipse.jdt.ls.core.product -Djava.import.generatesMetadataFilesAtProjectRoot=false -DDetectVMInstallationsJob.disabled=true -Dfile.encoding=utf8 -XX:+UseParallelGC -XX:GCTimeRatio=4 -XX:AdaptiveSizePolicyWeight=90 -Dsun.zip.disableMemoryMapping=true -Xmx2G -Xms100m -Xlog:disable -javaagent:c:\Users\porwa\.trae\extensions\redhat.java-1.44.0-win32-x64\lombok\lombok-1.18.39-4050.jar -XX:+HeapDumpOnOutOfMemoryError -XX:HeapDumpPath=c:\Users\porwa\AppData\Roaming\Trae\User\workspaceStorage\09d4f20d014a27676dfc118cffeaea0a\redhat.java -Daether.dependencyCollector.impl=bf 
java_command: c:\Users\porwa\.trae\extensions\redhat.java-1.44.0-win32-x64\server\plugins\org.eclipse.equinox.launcher_1.7.0.v20250519-0528.jar -configuration c:\Users\porwa\AppData\Roaming\Trae\User\globalStorage\redhat.java\1.44.0\config_win -data c:\Users\porwa\AppData\Roaming\Trae\User\workspaceStorage\09d4f20d014a27676dfc118cffeaea0a\redhat.java\jdt_ws --pipe=\\.\pipe\lsp-35c46452bdfc851ac1a3a391871b7b96-sock
java_class_path (initial): c:\Users\porwa\.trae\extensions\redhat.java-1.44.0-win32-x64\server\plugins\org.eclipse.equinox.launcher_1.7.0.v20250519-0528.jar
Launcher Type: SUN_STANDARD

[Global flags]
    uintx AdaptiveSizePolicyWeight                 = 90                                        {product} {command line}
     intx CICompilerCount                          = 4                                         {product} {ergonomic}
    uintx GCTimeRatio                              = 4                                         {product} {command line}
     bool HeapDumpOnOutOfMemoryError               = true                                   {manageable} {command line}
    ccstr HeapDumpPath                             = c:\Users\porwa\AppData\Roaming\Trae\User\workspaceStorage\09d4f20d014a27676dfc118cffeaea0a\redhat.java         {manageable} {command line}
   size_t InitialHeapSize                          = 104857600                                 {product} {command line}
   size_t MaxHeapSize                              = 2147483648                                {product} {command line}
   size_t MaxNewSize                               = 715653120                                 {product} {ergonomic}
   size_t MinHeapDeltaBytes                        = 524288                                    {product} {ergonomic}
   size_t MinHeapSize                              = 104857600                                 {product} {command line}
   size_t NewSize                                  = 34603008                                  {product} {ergonomic}
    uintx NonNMethodCodeHeapSize                   = 5839372                                {pd product} {ergonomic}
    uintx NonProfiledCodeHeapSize                  = 122909434                              {pd product} {ergonomic}
   size_t OldSize                                  = 70254592                                  {product} {ergonomic}
    uintx ProfiledCodeHeapSize                     = 122909434                              {pd product} {ergonomic}
    uintx ReservedCodeCacheSize                    = 251658240                              {pd product} {ergonomic}
     bool SegmentedCodeCache                       = true                                      {product} {ergonomic}
   size_t SoftMaxHeapSize                          = 2147483648                             {manageable} {ergonomic}
     bool UseCompressedOops                        = true                           {product lp64_product} {ergonomic}
     bool UseLargePagesIndividualAllocation        = false                                  {pd product} {ergonomic}
     bool UseParallelGC                            = true                                      {product} {command line}

Logging:
Log output configuration:
 #0: stdout all=off uptime,level,tags foldmultilines=false
 #1: stderr all=off uptime,level,tags foldmultilines=false

Environment Variables:
CLASSPATH=C:\Program Files (x86)\MySQL\MySQL Connector NET 9.4;
PATH=D:\oracle\product\10.2.0\db_2\bin;D:\oracle\product\10.2.0\db_1\bin;C:\Program Files\Common Files\Oracle\Java\javapath;C:\WINDOWS\system32;C:\WINDOWS;C:\WINDOWS\System32\Wbem;C:\WINDOWS\System32\WindowsPowerShell\v1.0\;C:\WINDOWS\System32\OpenSSH\;C:\Program Files\dotnet\;C:\Program Files\Git\cmd;C:\ProgramData\chocolatey\bin;C:\Program Files\nodejs\;c:\Users\porwa\AppData\Local\Programs\Trae\bin;C:\Users\porwa\AppData\Local\Microsoft\WindowsApps;C:\Users\porwa\AppData\Local\Programs\Microsoft VS Code\bin;C:\Users\porwa\AppData\Local\Microsoft\WinGet\Packages\Schniz.fnm_Microsoft.Winget.Source_8wekyb3d8bbwe;C:\Users\porwa\AppData\Roaming\npm;C:\mongosh\;c:\Users\porwa\AppData\Local\Programs\Trae\resources\app\bin\lib
USERNAME=porwa
OS=Windows_NT
PROCESSOR_IDENTIFIER=Intel64 Family 6 Model 154 Stepping 4, GenuineIntel
TMP=C:\Users\porwa\AppData\Local\Temp
TEMP=C:\Users\porwa\AppData\Local\Temp




Periodic native trim disabled

---------------  S Y S T E M  ---------------

OS:
 Windows 11 , 64 bit Build 26100 (10.0.26100.4768)
OS uptime: 1 days 3:15 hours
Hyper-V role detected

CPU: total 12 (initial active 12) (6 cores per cpu, 2 threads per core) family 6 model 154 stepping 4 microcode 0x41b, cx8, cmov, fxsr, ht, mmx, 3dnowpref, sse, sse2, sse3, ssse3, sse4.1, sse4.2, popcnt, lzcnt, tsc, tscinvbit, avx, avx2, aes, erms, clmul, bmi1, bmi2, adx, sha, fma, vzeroupper, clflush, clflushopt, clwb, hv, serialize, rdtscp, rdpid, fsrm, f16c, cet_ibt, cet_ss
Processor Information for processor 0
  Max Mhz: 1300, Current Mhz: 1300, Mhz Limit: 1300
Processor Information for processor 1
  Max Mhz: 1300, Current Mhz: 1300, Mhz Limit: 1300
Processor Information for processor 2
  Max Mhz: 1300, Current Mhz: 1300, Mhz Limit: 1300
Processor Information for processor 3
  Max Mhz: 1300, Current Mhz: 1300, Mhz Limit: 1300
Processor Information for processor 4
  Max Mhz: 1300, Current Mhz: 900, Mhz Limit: 897
Processor Information for processor 5
  Max Mhz: 1300, Current Mhz: 900, Mhz Limit: 897
Processor Information for processor 6
  Max Mhz: 1300, Current Mhz: 900, Mhz Limit: 897
Processor Information for processor 7
  Max Mhz: 1300, Current Mhz: 900, Mhz Limit: 897
Processor Information for processor 8
  Max Mhz: 1300, Current Mhz: 900, Mhz Limit: 897
Processor Information for processor 9
  Max Mhz: 1300, Current Mhz: 900, Mhz Limit: 897
Processor Information for processor 10
  Max Mhz: 1300, Current Mhz: 900, Mhz Limit: 897
Processor Information for processor 11
  Max Mhz: 1300, Current Mhz: 900, Mhz Limit: 897

Memory: 4k page, system-wide physical 16128M (1981M free)
TotalPageFile size 28758M (AvailPageFile size 270M)
current process WorkingSet (physical memory assigned to process): 95M, peak: 101M
current process commit charge ("private bytes"): 247M, peak: 252M

vm_info: OpenJDK 64-Bit Server VM (21.0.8+9-LTS) for windows-amd64 JRE (21.0.8+9-LTS), built on 2025-07-15T00:00:00Z by "admin" with MS VC++ 17.7 (VS2022)

END.
