#
# There is insufficient memory for the Java Runtime Environment to continue.
# Native memory allocation (mmap) failed to map 266338304 bytes. Error detail: G1 virtual space
# Possible reasons:
#   The system is out of physical RAM or swap space
#   This process is running with CompressedOops enabled, and the Java Heap may be blocking the growth of the native heap
# Possible solutions:
#   Reduce memory load on the system
#   Increase physical memory or swap space
#   Check if swap backing store is full
#   Decrease Java heap size (-Xmx/-Xms)
#   Decrease number of Java threads
#   Decrease Java thread stack sizes (-Xss)
#   Set larger code cache with -XX:ReservedCodeCacheSize=
#   JVM is running with Zero Based Compressed Oops mode in which the Java heap is
#     placed in the first 32GB address space. The Java Heap base address is the
#     maximum limit for the native heap growth. Please use -XX:HeapBaseMinAddress
#     to set the Java Heap base and to place the Java Heap above 32GB virtual address.
# This output file may be truncated or incomplete.
#
#  Out of Memory Error (os_windows.cpp:3564), pid=13328, tid=28364
#
# JRE version:  (24.0.1+9) (build )
# Java VM: Java HotSpot(TM) 64-Bit Server VM (24.0.1+9-30, mixed mode, sharing, tiered, compressed oops, compressed class ptrs, g1 gc, windows-amd64)
# No core dump will be written. Minidumps are not enabled by default on client versions of Windows
#

---------------  S U M M A R Y ------------

Command Line: 

Host: 12th Gen Intel(R) Core(TM) i5-1235U, 12 cores, 15G,  Windows 11 , 64 bit Build 26100 (10.0.26100.4768)
Time: Sun Aug 24 13:43:17 2025 India Standard Time elapsed time: 0.015854 seconds (0d 0h 0m 0s)

---------------  T H R E A D  ---------------

Current thread (0x000002abef207140):  JavaThread "Unknown thread" [_thread_in_vm, id=28364, stack(0x000000ed2be00000,0x000000ed2bf00000) (1024K)]

Stack: [0x000000ed2be00000,0x000000ed2bf00000]
Native frames: (J=compiled Java code, j=interpreted, Vv=VM code, C=native code)
V  [jvm.dll+0x730739]  (no source info available)
V  [jvm.dll+0x8d9b23]  (no source info available)
V  [jvm.dll+0x8dc00d]  (no source info available)
V  [jvm.dll+0x8dc683]  (no source info available)
V  [jvm.dll+0x2aa086]  (no source info available)
V  [jvm.dll+0x72cc65]  (no source info available)
V  [jvm.dll+0x72059a]  (no source info available)
V  [jvm.dll+0x390cea]  (no source info available)
V  [jvm.dll+0x3989f6]  (no source info available)
V  [jvm.dll+0x38523e]  (no source info available)
V  [jvm.dll+0x3854f8]  (no source info available)
V  [jvm.dll+0x35d0cc]  (no source info available)
V  [jvm.dll+0x35dd8d]  (no source info available)
V  [jvm.dll+0x89d28f]  (no source info available)
V  [jvm.dll+0x3f985d]  (no source info available)
V  [jvm.dll+0x8858e6]  (no source info available)
V  [jvm.dll+0x495f3e]  (no source info available)
V  [jvm.dll+0x497d11]  (no source info available)
C  [jli.dll+0x52a1]  (no source info available)
C  [ucrtbase.dll+0x37b0]  (no source info available)
C  [KERNEL32.DLL+0x2e8d7]  (no source info available)
C  [ntdll.dll+0x3c34c]  (no source info available)

Lock stack of current Java thread (top to bottom):


---------------  P R O C E S S  ---------------

Threads class SMR info:
_java_thread_list=0x00007fff28a1f318, length=0, elements={
}

Java Threads: ( => current thread )
Total: 0

Other Threads:
  0x000002abf1653510 WorkerThread "GC Thread#0"                     [id=15744, stack(0x000000ed2bf00000,0x000000ed2c000000) (1024K)]
  0x000002abf1668070 ConcurrentGCThread "G1 Main Marker"            [id=27808, stack(0x000000ed2c000000,0x000000ed2c100000) (1024K)]
  0x000002abf1669a70 WorkerThread "G1 Conc#0"                       [id=19160, stack(0x000000ed2c100000,0x000000ed2c200000) (1024K)]

[error occurred during error reporting (printing all threads), id 0xc0000005, EXCEPTION_ACCESS_VIOLATION (0xc0000005) at pc=0x00007fff281514ea]
VM state: not at safepoint (not fully initialized)

VM Mutex/Monitor currently owned by a thread:  ([mutex/lock_event])
[0x00007fff28aa45b0] Heap_lock - owner thread: 0x000002abef207140

Heap address: 0x0000000703e00000, size: 4034 MB, Compressed Oops mode: Zero based, Oop shift amount: 3

CDS archive(s) mapped at: [0x0000000000000000-0x0000000000000000-0x0000000000000000), size 0, SharedBaseAddress: 0x0000000800000000, ArchiveRelocationMode: 1.
UseCompressedClassPointers 1, UseCompactObjectHeaders 0
Narrow klass pointer bits 32, Max shift 3
Narrow klass base: 0xffffffffffffffff, Narrow klass shift: -1
Encoding Range: [0xffffffffffffffff - 0x000000007fffffff), (2147483648 bytes)
Klass Range:    [0x0000000000000000 - 0x0000000000000000), (0 bytes)
Klass ID Range:  [4294967295 - 0) (1)

GC Precious Log:
 CardTable entry size: 512
 Card Set container configuration: InlinePtr #cards 4 size 8 Array Of Cards #cards 16 size 48 Howl #buckets 8 coarsen threshold 3686 Howl Bitmap #cards 512 size 80 coarsen threshold 460 Card regions per heap region 1 cards per card region 4096

Heap:
 garbage-first heap   total reserved 4130816K, committed 0K, used 0K [0x0000000703e00000, 0x0000000800000000)
  region size 2048K, 0 young (0K), 0 survivors (0K)

[error occurred during error reporting (printing heap information), id 0xc0000005, EXCEPTION_ACCESS_VIOLATION (0xc0000005) at pc=0x00007fff2856e3e9]
GC Heap History (0 events):
No events

Dll operation events (1 events):
Event: 0.010 Loaded shared library C:\Program Files\Java\jdk-24\bin\java.dll

Deoptimization events (0 events):
No events

Classes loaded (0 events):
No events

Classes unloaded (0 events):
No events

Classes redefined (0 events):
No events

Internal exceptions (0 events):
No events

VM Operations (0 events):
No events

Memory protections (0 events):
No events

Nmethod flushes (0 events):
No events

Events (0 events):
No events


Dynamic libraries:
0x00007ff641c40000 - 0x00007ff641c50000 	C:\Program Files\Java\jdk-24\bin\java.EXE
0x00007ff805240000 - 0x00007ff8054a7000 	C:\WINDOWS\SYSTEM32\ntdll.dll
0x00007ff803ee0000 - 0x00007ff803fa9000 	C:\WINDOWS\System32\KERNEL32.DLL
0x00007ff802950000 - 0x00007ff802d40000 	C:\WINDOWS\System32\KERNELBASE.dll
0x00007ff802370000 - 0x00007ff8024bb000 	C:\WINDOWS\System32\ucrtbase.dll
0x00007fff9ef00000 - 0x00007fff9ef1b000 	C:\Program Files\Java\jdk-24\bin\VCRUNTIME140.dll
0x00007fff9eee0000 - 0x00007fff9eef6000 	C:\Program Files\Java\jdk-24\bin\jli.dll
0x00007ff804be0000 - 0x00007ff804da5000 	C:\WINDOWS\System32\USER32.dll
0x00007fffe96e0000 - 0x00007fffe997a000 	C:\WINDOWS\WinSxS\amd64_microsoft.windows.common-controls_6595b64144ccf1df_6.0.26100.4768_none_3e0c112ce331287c\COMCTL32.dll
0x00007ff805150000 - 0x00007ff8051f9000 	C:\WINDOWS\System32\msvcrt.dll
0x00007ff802700000 - 0x00007ff802727000 	C:\WINDOWS\System32\win32u.dll
0x00007ff8040f0000 - 0x00007ff80411b000 	C:\WINDOWS\System32\GDI32.dll
0x00007ff802e90000 - 0x00007ff802fc8000 	C:\WINDOWS\System32\gdi32full.dll
0x00007ff802d50000 - 0x00007ff802df3000 	C:\WINDOWS\System32\msvcp_win.dll
0x00007ff804870000 - 0x00007ff80489f000 	C:\WINDOWS\System32\IMM32.DLL
0x00007fffc5850000 - 0x00007fffc585c000 	C:\Program Files\Java\jdk-24\bin\vcruntime140_1.dll
0x00007fff765a0000 - 0x00007fff7662e000 	C:\Program Files\Java\jdk-24\bin\msvcp140.dll
0x00007fff27de0000 - 0x00007fff28b82000 	C:\Program Files\Java\jdk-24\bin\server\jvm.dll
0x00007ff8035e0000 - 0x00007ff803694000 	C:\WINDOWS\System32\ADVAPI32.dll
0x00007ff803820000 - 0x00007ff8038c6000 	C:\WINDOWS\System32\sechost.dll
0x00007ff8036a0000 - 0x00007ff8037b8000 	C:\WINDOWS\System32\RPCRT4.dll
0x00007ff803c70000 - 0x00007ff803ce4000 	C:\WINDOWS\System32\WS2_32.dll
0x00007ff8021f0000 - 0x00007ff80224e000 	C:\WINDOWS\SYSTEM32\POWRPROF.dll
0x00007ffff66a0000 - 0x00007ffff66d5000 	C:\WINDOWS\SYSTEM32\WINMM.dll
0x00007fffe74e0000 - 0x00007fffe74eb000 	C:\WINDOWS\SYSTEM32\VERSION.dll
0x00007ff8021d0000 - 0x00007ff8021e4000 	C:\WINDOWS\SYSTEM32\UMPDC.dll
0x00007ff8010c0000 - 0x00007ff8010db000 	C:\WINDOWS\SYSTEM32\kernel.appcore.dll
0x00007fffc5760000 - 0x00007fffc576a000 	C:\Program Files\Java\jdk-24\bin\jimage.dll
0x00007ff800380000 - 0x00007ff8005c1000 	C:\WINDOWS\SYSTEM32\DBGHELP.DLL
0x00007ff8038d0000 - 0x00007ff803c55000 	C:\WINDOWS\System32\combase.dll
0x00007ff805060000 - 0x00007ff805140000 	C:\WINDOWS\System32\OLEAUT32.dll
0x00007fffe4e30000 - 0x00007fffe4e73000 	C:\WINDOWS\SYSTEM32\dbgcore.DLL
0x00007ff802730000 - 0x00007ff8027c9000 	C:\WINDOWS\System32\bcryptPrimitives.dll
0x00007fff9d8d0000 - 0x00007fff9d8ee000 	C:\Program Files\Java\jdk-24\bin\java.dll
0x00007ff804e40000 - 0x00007ff804fe0000 	C:\WINDOWS\System32\ole32.dll
0x00007ff804120000 - 0x00007ff80486d000 	C:\WINDOWS\System32\SHELL32.dll
0x00007ff8024c0000 - 0x00007ff802633000 	C:\WINDOWS\System32\wintypes.dll

JVMTI agents: none

dbghelp: loaded successfully - version: 4.0.5 - missing functions: none
symbol engine: initialized successfully - sym options: 0x614 - pdb path: .;C:\Program Files\Java\jdk-24\bin;C:\WINDOWS\SYSTEM32;C:\WINDOWS\WinSxS\amd64_microsoft.windows.common-controls_6595b64144ccf1df_6.0.26100.4768_none_3e0c112ce331287c;C:\Program Files\Java\jdk-24\bin\server

VM Arguments:
java_command: <unknown>
java_class_path (initial): C:\Program Files (x86)\MySQL\MySQL Connector NET 9.4;
Launcher Type: SUN_STANDARD

[Global flags]
     intx CICompilerCount                          = 4                                         {product} {ergonomic}
     uint ConcGCThreads                            = 3                                         {product} {ergonomic}
     uint G1ConcRefinementThreads                  = 10                                        {product} {ergonomic}
   size_t G1HeapRegionSize                         = 2097152                                   {product} {ergonomic}
   size_t InitialHeapSize                          = 266338304                                 {product} {ergonomic}
   size_t MarkStackSize                            = 4194304                                   {product} {ergonomic}
   size_t MarkStackSizeMax                         = 536870912                                 {product} {ergonomic}
   size_t MaxHeapSize                              = 4229955584                                {product} {ergonomic}
   size_t MinHeapDeltaBytes                        = 2097152                                   {product} {ergonomic}
   size_t MinHeapSize                              = 8388608                                   {product} {ergonomic}
    uintx NonNMethodCodeHeapSize                   = 5832704                                {pd product} {ergonomic}
    uintx NonProfiledCodeHeapSize                  = 122945536                              {pd product} {ergonomic}
    uintx ProfiledCodeHeapSize                     = 122880000                              {pd product} {ergonomic}
    uintx ReservedCodeCacheSize                    = 251658240                              {pd product} {ergonomic}
     bool SegmentedCodeCache                       = true                                      {product} {ergonomic}
   size_t SoftMaxHeapSize                          = 4229955584                             {manageable} {ergonomic}
     bool UseCompressedOops                        = true                           {product lp64_product} {ergonomic}
     bool UseG1GC                                  = true                                      {product} {ergonomic}
     bool UseLargePagesIndividualAllocation        = false                                  {pd product} {ergonomic}

Logging:
Log output configuration:
 #0: stdout all=warning uptime,level,tags foldmultilines=false
 #1: stderr all=off uptime,level,tags foldmultilines=false

Environment Variables:
CLASSPATH=C:\Program Files (x86)\MySQL\MySQL Connector NET 9.4;
PATH=D:\oracle\product\10.2.0\db_2\bin;D:\oracle\product\10.2.0\db_1\bin;C:\Program Files\Common Files\Oracle\Java\javapath;C:\WINDOWS\system32;C:\WINDOWS;C:\WINDOWS\System32\Wbem;C:\WINDOWS\System32\WindowsPowerShell\v1.0\;C:\WINDOWS\System32\OpenSSH\;C:\Program Files\dotnet\;C:\Program Files\Git\cmd;C:\ProgramData\chocolatey\bin;C:\Program Files\nodejs\;c:\Users\porwa\AppData\Local\Programs\Trae\bin;C:\Users\porwa\AppData\Local\Microsoft\WindowsApps;C:\Users\porwa\AppData\Local\Programs\Microsoft VS Code\bin;C:\Users\porwa\AppData\Local\Microsoft\WinGet\Packages\Schniz.fnm_Microsoft.Winget.Source_8wekyb3d8bbwe;C:\Users\porwa\AppData\Roaming\npm;C:\mongosh\;c:\Users\porwa\AppData\Local\Programs\Trae\resources\app\bin\lib;C:\Users\porwa\.trae\tools\maven\latest\bin;C:\Users\porwa\.trae\tools\gradle\latest\bin
USERNAME=porwa
OS=Windows_NT
PROCESSOR_IDENTIFIER=Intel64 Family 6 Model 154 Stepping 4, GenuineIntel
TMP=C:\Users\porwa\AppData\Local\Temp
TEMP=C:\Users\porwa\AppData\Local\Temp




Periodic native trim disabled

---------------  S Y S T E M  ---------------

OS:
 Windows 11 , 64 bit Build 26100 (10.0.26100.4768)
OS uptime: 2 days 3:40 hours
Hyper-V role detected

CPU: total 12 (initial active 12) (6 cores per cpu, 2 threads per core) family 6 model 154 stepping 4 microcode 0x41b, cx8, cmov, fxsr, ht, mmx, 3dnowpref, sse, sse2, sse3, ssse3, sse4.1, sse4.2, popcnt, lzcnt, tsc, tscinvbit, avx, avx2, aes, erms, clmul, bmi1, bmi2, adx, sha, fma, vzeroupper, clflush, clflushopt, clwb, hv, serialize, rdtscp, rdpid, fsrm, gfni, f16c, cet_ibt, cet_ss
Processor Information for processor 0
  Max Mhz: 1300, Current Mhz: 1300, Mhz Limit: 1300
Processor Information for processor 1
  Max Mhz: 1300, Current Mhz: 1300, Mhz Limit: 1300
Processor Information for processor 2
  Max Mhz: 1300, Current Mhz: 1300, Mhz Limit: 1300
Processor Information for processor 3
  Max Mhz: 1300, Current Mhz: 1300, Mhz Limit: 1300
Processor Information for processor 4
  Max Mhz: 1300, Current Mhz: 900, Mhz Limit: 897
Processor Information for processor 5
  Max Mhz: 1300, Current Mhz: 900, Mhz Limit: 897
Processor Information for processor 6
  Max Mhz: 1300, Current Mhz: 900, Mhz Limit: 897
Processor Information for processor 7
  Max Mhz: 1300, Current Mhz: 900, Mhz Limit: 897
Processor Information for processor 8
  Max Mhz: 1300, Current Mhz: 900, Mhz Limit: 897
Processor Information for processor 9
  Max Mhz: 1300, Current Mhz: 900, Mhz Limit: 897
Processor Information for processor 10
  Max Mhz: 1300, Current Mhz: 900, Mhz Limit: 897
Processor Information for processor 11
  Max Mhz: 1300, Current Mhz: 900, Mhz Limit: 897

Memory: 4k page, system-wide physical 16128M (1973M free)
TotalPageFile size 29550M (AvailPageFile size 56M)
current process WorkingSet (physical memory assigned to process): 13M, peak: 13M
current process commit charge ("private bytes"): 65M, peak: 319M

vm_info: Java HotSpot(TM) 64-Bit Server VM (24.0.1+9-30) for windows-amd64 JRE (24.0.1+9-30), built on 2025-03-05T07:23:45Z with MS VC++ 17.6 (VS2022)

END.
